C:\Program Files\Microsoft Visual Studio\2022\Community\MSBuild\Microsoft\VC\v170\Microsoft.CppBuild.targets(531,5): warning MSB8028: The intermediate directory (x64\Debug\) contains files shared from another project (00_tp2_intro.vcxproj).  This can lead to incorrect clean and rebuild behavior.
  camera.cpp
  main.cpp
C:\Users\mathe\Desktop\tp2\src\main.cpp(305,20): warning C4244: 'initializing': conversion from 'unsigned int' to 'float', possible loss of data
C:\Users\mathe\Desktop\tp2\src\main.cpp(474,29): warning C4244: 'initializing': conversion from 'double' to 'float', possible loss of data
C:\Users\mathe\Desktop\tp2\src\main.cpp(477,27): warning C4244: 'initializing': conversion from 'double' to 'float', possible loss of data
C:\Users\mathe\Desktop\tp2\src\main.cpp(481,33): warning C4244: 'initializing': conversion from 'double' to 'float', possible loss of data
C:\Users\mathe\Desktop\tp2\src\main.cpp(485,29): warning C4244: 'initializing': conversion from 'double' to 'float', possible loss of data
C:\Users\mathe\Desktop\tp2\src\main.cpp(486,32): warning C4244: 'initializing': conversion from 'double' to 'float', possible loss of data
C:\Users\mathe\Desktop\tp2\src\main.cpp(487,33): warning C4244: 'initializing': conversion from 'double' to 'float', possible loss of data
C:\Users\mathe\Desktop\tp2\src\main.cpp(560,23): warning C4244: 'initializing': conversion from 'double' to 'GLfloat', possible loss of data
C:\Users\mathe\Desktop\tp2\src\main.cpp(561,23): warning C4244: 'initializing': conversion from 'double' to 'GLfloat', possible loss of data
  model.cpp
C:\Users\mathe\Desktop\tp2\src\obj_loader.h(971,18): warning C4244: 'initializing': conversion from 'double' to 'float', possible loss of data
C:\Users\mathe\Desktop\tp2\src\model.cpp(15,24): warning C4267: '=': conversion from 'size_t' to 'GLsizei', possible loss of data
  shader_program.cpp
  shapes.cpp
  textures.cpp
  utils.cpp
C:\Users\mathe\Desktop\tp2\src\utils.cpp(8,103): warning C4244: 'argument': conversion from '_Rep' to 'unsigned int', possible loss of data
          with
          [
              _Rep=std::chrono::system_clock::rep
          ]
C:\Users\mathe\Desktop\tp2\src\utils.cpp(23,17): warning C4244: 'initializing': conversion from 'double' to 'float', possible loss of data
C:\Users\mathe\Desktop\tp2\src\utils.cpp(24,17): warning C4244: 'initializing': conversion from 'double' to 'float', possible loss of data
  window.cpp
  Generating Code...
  OpenGLWorld3D.vcxproj -> C:\Users\mathe\Desktop\tp2\src\x64\Debug\World3D.exe
